  ball.cpp
  board.cpp
  brick.cpp
  game.cpp
C:\Users\thano\Desktop\AUEB_projects\2nd year\Computer Programming in C++\BrickBreaker\BrickBreaker\game.h(33,21): warning C4305: 'initializing': truncation from 'double' to 'float'
C:\Users\thano\Desktop\AUEB_projects\2nd year\Computer Programming in C++\BrickBreaker\BrickBreaker\game.h(72,28): warning C4244: 'return': conversion from 'int' to 'float', possible loss of data
C:\Users\thano\Desktop\AUEB_projects\2nd year\Computer Programming in C++\BrickBreaker\BrickBreaker\game.cpp(105,11): warning C4305: '=': truncation from 'double' to 'float'
C:\Users\thano\Desktop\AUEB_projects\2nd year\Computer Programming in C++\BrickBreaker\BrickBreaker\game.cpp(111,10): warning C4305: '=': truncation from 'double' to 'float'
C:\Users\thano\Desktop\AUEB_projects\2nd year\Computer Programming in C++\BrickBreaker\BrickBreaker\game.cpp(112,10): warning C4305: '=': truncation from 'double' to 'float'
C:\Users\thano\Desktop\AUEB_projects\2nd year\Computer Programming in C++\BrickBreaker\BrickBreaker\game.cpp(113,10): warning C4305: '=': truncation from 'double' to 'float'
C:\Users\thano\Desktop\AUEB_projects\2nd year\Computer Programming in C++\BrickBreaker\BrickBreaker\game.cpp(535,21): warning C4244: '=': conversion from 'int' to 'float', possible loss of data
C:\Users\thano\Desktop\AUEB_projects\2nd year\Computer Programming in C++\BrickBreaker\BrickBreaker\game.cpp(545,21): warning C4244: '=': conversion from 'int' to 'float', possible loss of data
C:\Users\thano\Desktop\AUEB_projects\2nd year\Computer Programming in C++\BrickBreaker\BrickBreaker\game.cpp(878,42): warning C4305: 'argument': truncation from 'double' to 'float'
C:\Users\thano\Desktop\AUEB_projects\2nd year\Computer Programming in C++\BrickBreaker\BrickBreaker\game.cpp(879,40): warning C4305: 'argument': truncation from 'double' to 'float'
  main.cpp
C:\Users\thano\Desktop\AUEB_projects\2nd year\Computer Programming in C++\BrickBreaker\BrickBreaker\game.h(33,21): warning C4305: 'initializing': truncation from 'double' to 'float'
C:\Users\thano\Desktop\AUEB_projects\2nd year\Computer Programming in C++\BrickBreaker\BrickBreaker\game.h(72,28): warning C4244: 'return': conversion from 'int' to 'float', possible loss of data
  powerups.cpp
C:\Users\thano\Desktop\AUEB_projects\2nd year\Computer Programming in C++\BrickBreaker\BrickBreaker\powerups.cpp(2,10): warning C4067: unexpected tokens following preprocessor directive - expected a newline
  Generating Code...
sggd.lib(AudioManager.obj) : warning LNK4099: PDB 'sggd.pdb' was not found with 'sggd.lib(AudioManager.obj)' or at 'C:\Users\thano\Desktop\AUEB_projects\2nd year\Computer Programming in C++\BrickBreaker\bin\sggd.pdb'; linking object as if no debug info
sggd.lib(fonts.obj) : warning LNK4099: PDB 'sggd.pdb' was not found with 'sggd.lib(fonts.obj)' or at 'C:\Users\thano\Desktop\AUEB_projects\2nd year\Computer Programming in C++\BrickBreaker\bin\sggd.pdb'; linking object as if no debug info
sggd.lib(GLbackend.obj) : warning LNK4099: PDB 'sggd.pdb' was not found with 'sggd.lib(GLbackend.obj)' or at 'C:\Users\thano\Desktop\AUEB_projects\2nd year\Computer Programming in C++\BrickBreaker\bin\sggd.pdb'; linking object as if no debug info
sggd.lib(graphics.obj) : warning LNK4099: PDB 'sggd.pdb' was not found with 'sggd.lib(graphics.obj)' or at 'C:\Users\thano\Desktop\AUEB_projects\2nd year\Computer Programming in C++\BrickBreaker\bin\sggd.pdb'; linking object as if no debug info
sggd.lib(lodepng.obj) : warning LNK4099: PDB 'sggd.pdb' was not found with 'sggd.lib(lodepng.obj)' or at 'C:\Users\thano\Desktop\AUEB_projects\2nd year\Computer Programming in C++\BrickBreaker\bin\sggd.pdb'; linking object as if no debug info
sggd.lib(shader.obj) : warning LNK4099: PDB 'sggd.pdb' was not found with 'sggd.lib(shader.obj)' or at 'C:\Users\thano\Desktop\AUEB_projects\2nd year\Computer Programming in C++\BrickBreaker\bin\sggd.pdb'; linking object as if no debug info
sggd.lib(texture.obj) : warning LNK4099: PDB 'sggd.pdb' was not found with 'sggd.lib(texture.obj)' or at 'C:\Users\thano\Desktop\AUEB_projects\2nd year\Computer Programming in C++\BrickBreaker\bin\sggd.pdb'; linking object as if no debug info
  BrickBreaker.vcxproj -> C:\Users\thano\Desktop\AUEB_projects\2nd year\Computer Programming in C++\BrickBreaker\bin\BrickBreakerd.exe
